<?xml version="1.0" encoding="UTF-8"?>
<!-- Generated by org.testng.reporters.JUnitReportReporter -->
<testsuite hostname="acer" failures="0" tests="3" name="com.tyss.restapitesting.AuthentiateTest" time="5.009" errors="0" timestamp="2020-04-24T17:56:12 IST" skipped="0">
  <testcase classname="com.tyss.restapitesting.AuthentiateTest" name="authenticate" time="4.322"/>
  <testcase classname="com.tyss.restapitesting.AuthentiateTest" name="getAllCustomers" time="0.485"/>
  <testcase classname="com.tyss.restapitesting.AuthentiateTest" name="getUserWithPhoneNum" time="0.202"/>
</testsuite> <!-- com.tyss.restapitesting.AuthentiateTest -->
